2022-09-23 15:11:03|Log Start Time
2022-09-23 15:11:03|Input file: input/EROArrests_FY2016.csv.gz
2022-09-23 15:11:03|Rows in: 110104
2022-09-23 15:11:03|Input file: input/EROArrests_FY2017.csv.gz
2022-09-23 15:11:03|Rows in: 143470
2022-09-23 15:11:03|Input file: input/EROArrests_FY2018.csv.gz
2022-09-23 15:11:03|Rows in: 158581
2022-09-23 15:11:04|Input file: input/EROArrests_FY2019.csv.gz
2022-09-23 15:11:04|Rows in: 131904
2022-09-23 15:11:08|Output file: output/arrests.csv.gz
2022-09-23 15:11:08|Rows out: 544059
2022-09-23 15:11:08|Log End Time
2022-09-23 15:11:09|Log Start Time
2022-09-23 15:11:09|Input file: input/EROEncounters_FY2016.csv.gz
2022-09-23 15:11:09|Rows in: 368645
2022-09-23 15:11:10|Input file: input/EROEncounters_FY2017.csv.gz
2022-09-23 15:11:10|Rows in: 439903
2022-09-23 15:11:10|Input file: input/EROEncounters_FY2018.csv.gz
2022-09-23 15:11:10|Rows in: 484446
2022-09-23 15:11:11|Input file: input/EROEncounters_FY2019.csv.gz
2022-09-23 15:11:11|Rows in: 396384
2022-09-23 15:11:22|Output file: output/encounters.csv.gz
2022-09-23 15:11:22|Rows out: 1689378
2022-09-23 15:11:22|Log End Time
2022-09-23 15:11:23|Log Start Time
2022-09-23 15:11:24|Input file: input/ICERemovals_FY2016.csv.gz
2022-09-23 15:11:24|Rows in: 240255
2022-09-23 15:11:24|Input file: input/ICERemovals_FY2017.csv.gz
2022-09-23 15:11:24|Rows in: 226119
2022-09-23 15:11:25|Input file: input/ICERemovals_FY2018.csv.gz
2022-09-23 15:11:25|Rows in: 256085
2022-09-23 15:11:25|Input file: input/ICERemovals_FY2019.csv.gz
2022-09-23 15:11:25|Rows in: 241513
2022-09-23 15:11:37|Output file: output/removals.csv.gz
2022-09-23 15:11:37|Rows out: 963972
2022-09-23 15:11:37|Log End Time
2022-09-23 15:12:06|Log Start Time
2022-09-23 15:12:07|Input file: input/EROArrests_FY2016.csv.gz
2022-09-23 15:12:07|Rows in: 110104
2022-09-23 15:12:07|Input file: input/EROArrests_FY2017.csv.gz
2022-09-23 15:12:07|Rows in: 143470
2022-09-23 15:12:07|Input file: input/EROArrests_FY2018.csv.gz
2022-09-23 15:12:07|Rows in: 158581
2022-09-23 15:12:07|Input file: input/EROArrests_FY2019.csv.gz
2022-09-23 15:12:07|Rows in: 131904
2022-09-23 15:12:11|Output file: output/arrests.csv.gz
2022-09-23 15:12:11|Rows out: 544059
2022-09-23 15:12:11|Log End Time
2022-09-23 15:12:12|Log Start Time
2022-09-23 15:12:12|Input file: input/EROEncounters_FY2016.csv.gz
2022-09-23 15:12:12|Rows in: 368645
2022-09-23 15:12:13|Input file: input/EROEncounters_FY2017.csv.gz
2022-09-23 15:12:13|Rows in: 439903
2022-09-23 15:12:13|Input file: input/EROEncounters_FY2018.csv.gz
2022-09-23 15:12:13|Rows in: 484446
2022-09-23 15:12:14|Input file: input/EROEncounters_FY2019.csv.gz
2022-09-23 15:12:14|Rows in: 396384
2022-09-23 15:12:24|Output file: output/encounters.csv.gz
2022-09-23 15:12:24|Rows out: 1689378
2022-09-23 15:12:24|Log End Time
2022-09-23 15:12:25|Log Start Time
2022-09-23 15:12:25|Input file: input/ICERemovals_FY2016.csv.gz
2022-09-23 15:12:25|Rows in: 240255
2022-09-23 15:12:26|Input file: input/ICERemovals_FY2017.csv.gz
2022-09-23 15:12:26|Rows in: 226119
2022-09-23 15:12:26|Input file: input/ICERemovals_FY2018.csv.gz
2022-09-23 15:12:26|Rows in: 256085
2022-09-23 15:12:26|Input file: input/ICERemovals_FY2019.csv.gz
2022-09-23 15:12:26|Rows in: 241513
2022-09-23 15:12:35|Output file: output/removals.csv.gz
2022-09-23 15:12:35|Rows out: 963972
2022-09-23 15:12:35|Log End Time
