2022-09-23 16:05:32|Log Start Time
2022-09-23 16:05:33|Input file: input/arrests.csv.gz
2022-09-23 16:05:33|Rows in: 540251
2022-09-23 16:05:36|Input file: input/encounters.csv.gz
2022-09-23 16:05:36|Rows in: 1608957
2022-09-23 16:05:41|Input file: input/removals.csv.gz
2022-09-23 16:05:41|Rows in: 963972
2022-09-23 16:05:43|Rows out: 34593
2022-09-23 16:05:43|Output file: output/enforcement.csv.gz
2022-09-23 16:05:43|Log End Time
2022-09-23 16:05:58|Log Start Time
2022-09-23 16:05:59|Input file: input/arrests.csv.gz
2022-09-23 16:05:59|Rows in: 540251
2022-09-23 16:06:03|Input file: input/encounters.csv.gz
2022-09-23 16:06:03|Rows in: 1608957
2022-09-23 16:06:08|Input file: input/removals.csv.gz
2022-09-23 16:06:08|Rows in: 963972
2022-09-23 16:06:10|Rows out: 34593
2022-09-23 16:06:10|Output file: output/enforcement.csv.gz
2022-09-23 16:06:10|Log End Time
2022-09-23 16:11:12|Log Start Time
2022-09-23 16:11:13|Input file: input/arrests.csv.gz
2022-09-23 16:11:13|Rows in: 540210
2022-09-23 16:11:17|Input file: input/encounters.csv.gz
2022-09-23 16:11:17|Rows in: 1596807
2022-09-23 16:11:21|Input file: input/removals.csv.gz
2022-09-23 16:11:21|Rows in: 963932
2022-09-23 16:11:23|Rows out: 33388
2022-09-23 16:11:23|Output file: output/enforcement.csv.gz
2022-09-23 16:11:23|Log End Time
