2023-03-23 14:33:00|Log Start Time
2023-03-23 14:33:08|Input file: input/arrests.csv.gz
2023-03-23 14:33:08|Rows in: 1659778
2023-03-23 14:33:32|Input file: input/encounters.csv.gz
2023-03-23 14:33:32|Rows in: 5233032
2023-03-23 14:34:00|Input file: input/removals.csv.gz
2023-03-23 14:34:00|Rows in: 2663452
2023-03-23 14:37:39|Log Start Time
2023-03-23 14:37:47|Input file: us-fy12-23/export/input/arrests.csv.gz
2023-03-23 14:37:47|Rows in: 1659778
2023-03-23 14:38:13|Input file: us-fy12-23/export/input/encounters.csv.gz
2023-03-23 14:38:13|Rows in: 5233032
2023-03-23 14:38:43|Input file: us-fy12-23/export/input/removals.csv.gz
2023-03-23 14:38:43|Rows in: 2663452
2023-03-23 15:06:21|Log Start Time
2023-03-23 15:06:28|Input file: input/arrests.csv.gz
2023-03-23 15:06:28|Rows in: 1659778
2023-03-23 15:06:50|Input file: input/encounters.csv.gz
2023-03-23 15:06:50|Rows in: 5233032
2023-03-23 15:07:19|Input file: input/removals.csv.gz
2023-03-23 15:07:19|Rows in: 2663452
2023-03-23 15:07:27|Rows out: 100658
2023-03-23 15:07:27|Output file: output/enforcement.csv.gz
2023-03-23 15:07:27|Log End Time
2023-03-23 17:37:18|Log Start Time
2023-03-23 17:37:26|Input file: input/arrests.csv.gz
2023-03-23 17:37:26|Rows in: 1715117
2023-03-23 17:38:04|Input file: input/encounters.csv.gz
2023-03-23 17:38:04|Rows in: 5233032
2023-03-23 17:38:42|Input file: input/removals.csv.gz
2023-03-23 17:38:42|Rows in: 2663452
2023-03-23 17:38:53|Rows out: 100719
2023-03-23 17:38:53|Output file: output/enforcement.csv.gz
2023-03-23 17:38:53|Log End Time
