2022-09-23 15:19:04|Log Start Time
2022-09-23 15:19:05|Input file: input/arrests.csv.gz
2022-09-23 15:19:05|Rows in: 544059
2022-09-23 15:19:09|Output file: output/arrests.csv.gz
2022-09-23 15:19:09|Rows in: 544059
2022-09-23 15:19:09|Log End Time
2022-09-23 15:19:10|Log Start Time
2022-09-23 15:19:12|Input file: input/encounters.csv.gz
2022-09-23 15:19:12|Rows in: 1689378
2022-09-23 15:19:50|Log Start Time
2022-09-23 15:19:51|Input file: input/arrests.csv.gz
2022-09-23 15:19:51|Rows in: 544059
2022-09-23 15:19:56|Output file: output/arrests.csv.gz
2022-09-23 15:19:56|Rows out: 544059
2022-09-23 15:19:56|Log End Time
2022-09-23 15:19:57|Log Start Time
2022-09-23 15:19:59|Input file: input/encounters.csv.gz
2022-09-23 15:19:59|Rows in: 1689378
2022-09-23 15:20:12|Output file: output/encounters.csv.gz
2022-09-23 15:20:12|Rows out: 1689378
2022-09-23 15:20:12|Log End Time
2022-09-23 15:20:13|Log Start Time
2022-09-23 15:20:15|Input file: input/removals.csv.gz
2022-09-23 15:20:15|Rows in: 963972
2022-09-23 15:20:28|Output file: output/removals.csv.gz
2022-09-23 15:20:28|Rows out: 963972
2022-09-23 15:20:28|Log End Time
